...........................running new python file.............................
python3 lab2.py --device=cuda     --dataset-path=../dataset     --optimizer=sgd     --num-of-workers=2     --epochs=2     --batch-size=32     --print-epochs=true     --download-data=true     --run-code-3=false     --run-profiler=false     --no-batch-norm=false     --max-num-of-workers-for-code-3=8
Files already downloaded and verified
Number of trainable parameters :  11173962
-----------------------------------------------
Epoch :  1
Time taken for Epoch :  34.9062 sec
Load Time for epoch :  1.810908 sec with 2 workers  | cpu to gpu time :  0.343803 | Train Time :  29.875082 sec | steps in epoch :  1563
Avg Loss :  2.017  | Avg Accuracy :  25.796 %
Top 1 accuracy is  8 among the individual label accuracies [31.74 31.3  10.04 16.38 19.76 21.12 31.68 28.8  34.54 32.6 ]
-----------------------------------------------
Epoch :  2
Time taken for Epoch :  27.9571 sec
Load Time for epoch :  1.722013 sec with 2 workers  | cpu to gpu time :  0.331580 | Train Time :  23.750324 sec | steps in epoch :  1563
Avg Loss :  1.509  | Avg Accuracy :  44.614 %
Top 1 accuracy is  1 among the individual label accuracies [45.72 61.8  26.92 24.4  31.98 38.64 55.58 50.16 55.96 54.98]
Number of gradiants :  11173962
Avg Data Load times with `2` workers is `1.766461` sec and Avg Train Times is `26.812703` sec
Avg epoch time is `31.4317` sec
...........................running new python file.............................
python3 lab2.py --device=cuda     --dataset-path=../dataset     --optimizer=sgd     --num-of-workers=2     --epochs=2     --batch-size=128     --print-epochs=true     --download-data=true     --run-code-3=false     --run-profiler=false     --no-batch-norm=false     --max-num-of-workers-for-code-3=8
Files already downloaded and verified
Number of trainable parameters :  11173962
-----------------------------------------------
Epoch :  1
Time taken for Epoch :  19.9491 sec
Load Time for epoch :  0.564919 sec with 2 workers  | cpu to gpu time :  0.211226 | Train Time :  17.425555 sec | steps in epoch :  391
Avg Loss :  1.913  | Avg Accuracy :  31.782 %
Top 1 accuracy is  8 among the individual label accuracies [37.34 42.98 10.98 24.56 22.96 31.   35.86 32.94 46.3  32.9 ]
-----------------------------------------------
Epoch :  2
Time taken for Epoch :  19.7983 sec
Load Time for epoch :  0.617421 sec with 2 workers  | cpu to gpu time :  0.216967 | Train Time :  17.098356 sec | steps in epoch :  391
Avg Loss :  1.406  | Avg Accuracy :  48.24 %
Top 1 accuracy is  1 among the individual label accuracies [50.52 65.46 27.68 30.58 32.6  42.7  58.   55.   63.32 56.54]
Number of gradiants :  11173962
Avg Data Load times with `2` workers is `0.591170` sec and Avg Train Times is `17.261956` sec
Avg epoch time is `19.8737` sec
...........................running new python file.............................
python3 lab2.py --device=cuda     --dataset-path=../dataset     --optimizer=sgd     --num-of-workers=2     --epochs=2     --batch-size=512     --print-epochs=true     --download-data=true     --run-code-3=false     --run-profiler=false     --no-batch-norm=false     --max-num-of-workers-for-code-3=8
Files already downloaded and verified
Number of trainable parameters :  11173962
-----------------------------------------------
Epoch :  1
Time taken for Epoch :  20.4021 sec
Load Time for epoch :  0.227018 sec with 2 workers  | cpu to gpu time :  0.182171 | Train Time :  18.304975 sec | steps in epoch :  98
Avg Loss :  2.079  | Avg Accuracy :  27.176 %
Top 1 accuracy is  1 among the individual label accuracies [34.1  39.34 13.08 13.6  23.22 25.7  29.1  26.62 37.94 29.06]
-----------------------------------------------
Epoch :  2
Time taken for Epoch :  19.9047 sec
Load Time for epoch :  0.224445 sec with 2 workers  | cpu to gpu time :  0.183899 | Train Time :  17.676687 sec | steps in epoch :  98
Avg Loss :  1.517  | Avg Accuracy :  43.864 %
Top 1 accuracy is  1 among the individual label accuracies [46.78 61.08 22.22 27.9  29.12 39.92 49.28 52.36 59.24 50.74]
Number of gradiants :  11173962
Avg Data Load times with `2` workers is `0.225731` sec and Avg Train Times is `17.990831` sec
Avg epoch time is `20.1534` sec
...........................running new python file.............................
python3 lab2.py --device=cuda     --dataset-path=../dataset     --optimizer=sgd     --num-of-workers=2     --epochs=2     --batch-size=2048     --print-epochs=true     --download-data=true     --run-code-3=false     --run-profiler=false     --no-batch-norm=false     --max-num-of-workers-for-code-3=8
Files already downloaded and verified
Number of trainable parameters :  11173962
-----------------------------------------------
Epoch :  1
Time taken for Epoch :  20.7750 sec
Load Time for epoch :  0.127825 sec with 2 workers  | cpu to gpu time :  0.166432 | Train Time :  18.520490 sec | steps in epoch :  25
Avg Loss :  3.330  | Avg Accuracy :  14.25 %
Top 1 accuracy is  4 among the individual label accuracies [22.42  8.56 13.32  6.62 22.56  6.68 13.9  17.58 22.56  8.3 ]
-----------------------------------------------
Epoch :  2
Time taken for Epoch :  20.5913 sec
Load Time for epoch :  0.136999 sec with 2 workers  | cpu to gpu time :  0.168652 | Train Time :  18.270573 sec | steps in epoch :  25
Avg Loss :  2.065  | Avg Accuracy :  23.884 %
Top 1 accuracy is  6 among the individual label accuracies [30.92 29.88  3.    6.88 30.62 24.76 42.14  5.36 38.96 26.32]
Number of gradiants :  11173962
Avg Data Load times with `2` workers is `0.132412` sec and Avg Train Times is `18.395531` sec
Avg epoch time is `20.6831` sec
...........................running new python file.............................
python3 lab2.py --device=cuda     --dataset-path=../dataset     --optimizer=sgd     --num-of-workers=2     --epochs=2     --batch-size=8192     --print-epochs=true     --download-data=true     --run-code-3=false     --run-profiler=false     --no-batch-norm=false     --max-num-of-workers-for-code-3=8
Files already downloaded and verified
Number of trainable parameters :  11173962
-----------------------------------------------
Epoch :  1
Time taken for Epoch :  22.9712 sec
Load Time for epoch :  0.107069 sec with 2 workers  | cpu to gpu time :  0.165489 | Train Time :  19.016657 sec | steps in epoch :  7
Avg Loss :  2.741  | Avg Accuracy :  16.492 %
Top 1 accuracy is  9 among the individual label accuracies [15.52 11.72 17.92  6.78 18.88 11.22 22.3   3.4  27.98 29.2 ]
-----------------------------------------------
Epoch :  2
Time taken for Epoch :  21.7399 sec
Load Time for epoch :  0.107390 sec with 2 workers  | cpu to gpu time :  0.161470 | Train Time :  17.818550 sec | steps in epoch :  7
Avg Loss :  2.210  | Avg Accuracy :  18.156 %
Top 1 accuracy is  9 among the individual label accuracies [20.24 27.54 14.98  6.04 19.66  8.98 26.46 10.04 19.5  28.12]
Number of gradiants :  11173962
Avg Data Load times with `2` workers is `0.107230` sec and Avg Train Times is `18.417603` sec
Avg epoch time is `22.3555` sec
